mode: set
github.com/blueboardio/go-blobqueue/memory/memory.go:11.41,13.2 1 1
github.com/blueboardio/go-blobqueue/memory/memory.go:16.40,19.2 2 1
github.com/blueboardio/go-blobqueue/memory/memory.go:22.43,25.2 2 1
github.com/blueboardio/go-blobqueue/memory/memory.go:28.39,29.18 1 1
github.com/blueboardio/go-blobqueue/memory/memory.go:32.2,34.18 3 1
github.com/blueboardio/go-blobqueue/memory/memory.go:29.18,31.3 1 1
github.com/blueboardio/go-blobqueue/memory/memory.go:38.41,39.18 1 1
github.com/blueboardio/go-blobqueue/memory/memory.go:42.2,44.18 3 1
github.com/blueboardio/go-blobqueue/memory/memory.go:39.18,41.3 1 1
github.com/blueboardio/go-blobqueue/memory/memory.go:48.35,50.2 1 1
github.com/blueboardio/go-blobqueue/memory/memory.go:53.31,56.2 2 1
github.com/blueboardio/go-blobqueue/queueredis/redis.go:16.51,18.2 1 1
github.com/blueboardio/go-blobqueue/queueredis/redis.go:21.49,23.22 2 1
github.com/blueboardio/go-blobqueue/queueredis/redis.go:26.2,27.24 2 1
github.com/blueboardio/go-blobqueue/queueredis/redis.go:30.2,30.17 1 1
github.com/blueboardio/go-blobqueue/queueredis/redis.go:23.22,25.3 1 1
github.com/blueboardio/go-blobqueue/queueredis/redis.go:27.24,29.3 1 1
github.com/blueboardio/go-blobqueue/queueredis/redis.go:35.39,37.2 1 1
github.com/blueboardio/go-blobqueue/queueredis/redis.go:40.42,42.2 1 1
github.com/blueboardio/go-blobqueue/queueredis/redis.go:44.87,46.16 2 1
github.com/blueboardio/go-blobqueue/queueredis/redis.go:52.2,52.17 1 1
github.com/blueboardio/go-blobqueue/queueredis/redis.go:46.16,47.23 1 1
github.com/blueboardio/go-blobqueue/queueredis/redis.go:50.3,50.18 1 1
github.com/blueboardio/go-blobqueue/queueredis/redis.go:47.23,49.4 1 1
github.com/blueboardio/go-blobqueue/queueredis/redis.go:56.38,58.2 1 1
github.com/blueboardio/go-blobqueue/queueredis/redis.go:61.40,63.2 1 1
github.com/blueboardio/go-blobqueue/queueredis/redis.go:66.35,69.2 2 1
github.com/blueboardio/go-blobqueue/queueredis/redis.go:72.30,74.2 1 1
